<?xml version="1.0" encoding="UTF-8"?>
<testsuite name="lslauncher.LsTests" tests="4" skipped="0" failures="0" errors="0" timestamp="2022-07-21T11:02:53" hostname="ULYSSESPC" time="0.193">
  <properties/>
  <testcase name="printTest()" classname="lslauncher.LsTests" time="0.08"/>
  <testcase name="outputTest()" classname="lslauncher.LsTests" time="0.073"/>
  <testcase name="throwTest()" classname="lslauncher.LsTests" time="0.006"/>
  <testcase name="setSizesTest()" classname="lslauncher.LsTests" time="0.031"/>
  <system-out><![CDATA[]]></system-out>
  <system-err><![CDATA[]]></system-err>
</testsuite>
