<?xml version="1.0" encoding="UTF-8"?>
<testsuite name="lslauncher.LsTests" tests="4" skipped="0" failures="0" errors="0" timestamp="2022-07-21T13:06:49" hostname="ULYSSESPC" time="0.202">
  <properties/>
  <testcase name="printTest()" classname="lslauncher.LsTests" time="0.082"/>
  <testcase name="outputTest()" classname="lslauncher.LsTests" time="0.078"/>
  <testcase name="throwTest()" classname="lslauncher.LsTests" time="0.012"/>
  <testcase name="setSizesTest()" classname="lslauncher.LsTests" time="0.028"/>
  <system-out><![CDATA[]]></system-out>
  <system-err><![CDATA[]]></system-err>
</testsuite>
